<?xml version="1.0" encoding="UTF-8"?>
<!-- Generated by org.testng.reporters.JUnitReportReporter -->
<testsuite skipped="1" hostname="krish" name="testngattributes.t11" tests="3" failures="0" timestamp="2023-08-02T18:06:44 IST" time="0.007" errors="0">
  <testcase name="m2" time="0.006" classname="testngattributes.t11"/>
  <system-out/>
  <testcase name="ab" time="0.001" classname="testngattributes.t11"/>
  <system-out/>
  <testcase name="m1" classname="testngattributes.t11">
    <skipped/>
  </testcase> <!-- m1 -->
  <system-out/>
</testsuite> <!-- testngattributes.t11 -->
