<?xml version="1.0" encoding="UTF-8"?>
<!-- Generated by org.testng.reporters.JUnitReportReporter -->
<testsuite skipped="0" hostname="krish" name="extentreports.c1" tests="1" failures="0" timestamp="2023-08-14T18:29:44 IST" time="3.981" errors="0">
  <testcase name="extentReportsDemo" time="3.981" classname="extentreports.c1"/>
  <system-out/>
</testsuite> <!-- extentreports.c1 -->
