<?xml version="1.0" encoding="UTF-8"?>
<!-- Generated by org.testng.reporters.JUnitReportReporter -->
<testsuite skipped="0" hostname="krish" name="testngdependency.real" tests="7" failures="0" timestamp="2023-08-02T18:34:20 IST" time="10.362" errors="0">
  <testcase name="visiting" time="3.634" classname="testngdependency.real"/>
  <system-out/>
  <testcase name="max" time="0.159" classname="testngdependency.real"/>
  <system-out/>
  <testcase name="refreshing" time="0.511" classname="testngdependency.real"/>
  <system-out/>
  <testcase name="refreshing" time="0.664" classname="testngdependency.real"/>
  <system-out/>
  <testcase name="refreshing" time="0.020" classname="testngdependency.real"/>
  <system-out/>
  <testcase name="clicking" time="1.596" classname="testngdependency.real"/>
  <system-out/>
  <testcase name="closing" time="3.778" classname="testngdependency.real"/>
  <system-out/>
</testsuite> <!-- testngdependency.real -->
