<?xml version="1.0" encoding="UTF-8"?>
<!-- Generated by org.testng.reporters.JUnitReportReporter -->
<testsuite skipped="0" hostname="krish" name="p1.c1" tests="1" failures="0" timestamp="2023-08-04T12:52:00 IST" time="13.916" errors="0">
  <testcase name="main" time="13.916" classname="p1.c1"/>
  <system-out/>
</testsuite> <!-- p1.c1 -->
