<?xml version="1.0" encoding="UTF-8"?>
<!-- Generated by org.testng.reporters.JUnitReportReporter -->
<testsuite skipped="0" hostname="krish" name="testngannotations.d1" tests="2" failures="0" timestamp="2023-08-04T12:31:44 IST" time="4.163" errors="0">
  <testcase name="t1" time="0.648" classname="testngannotations.d1"/>
  <system-out/>
  <testcase name="t2" time="3.515" classname="testngannotations.d1"/>
  <system-out/>
</testsuite> <!-- testngannotations.d1 -->
