<?xml version="1.0" encoding="UTF-8"?>
<!-- Generated by org.testng.reporters.JUnitReportReporter -->
<testsuite skipped="0" hostname="krish" name="autoit.a1" tests="1" failures="0" timestamp="2023-08-15T18:34:39 IST" time="30.027" errors="0">
  <testcase name="t1" time="30.027" classname="autoit.a1"/>
  <system-out/>
</testsuite> <!-- autoit.a1 -->
