<?xml version="1.0" encoding="UTF-8"?>
<!-- Generated by org.testng.reporters.JUnitReportReporter -->
<testsuite skipped="0" hostname="krish" name="testngassertion.s1" tests="1" failures="0" timestamp="2023-08-07T13:32:22 IST" time="3.762" errors="0">
  <testcase name="hard" time="3.762" classname="testngassertion.s1"/>
  <system-out/>
</testsuite> <!-- testngassertion.s1 -->
