<?xml version="1.0" encoding="UTF-8"?>
<!-- Generated by org.testng.reporters.JUnitReportReporter -->
<testsuite skipped="0" hostname="krish" name="dataprovider.f1" tests="3" failures="0" timestamp="2023-08-11T13:37:23 IST" time="34.735" errors="0">
  <testcase name="DataProvSampleTest" time="19.106" classname="dataprovider.f1"/>
  <system-out/>
  <testcase name="DataProvSampleTest" time="7.386" classname="dataprovider.f1"/>
  <system-out/>
  <testcase name="DataProvSampleTest" time="8.243" classname="dataprovider.f1"/>
  <system-out/>
</testsuite> <!-- dataprovider.f1 -->
